-- Found ament_cmake: 2.5.4 (/opt/ros/jazzy/share/ament_cmake/cmake)
-- Found rclcpp: 28.1.12 (/opt/ros/jazzy/share/rclcpp/cmake)
-- Found rosidl_generator_c: 4.6.6 (/opt/ros/jazzy/share/rosidl_generator_c/cmake)
-- Found rosidl_generator_cpp: 4.6.6 (/opt/ros/jazzy/share/rosidl_generator_cpp/cmake)
-- Using all available rosidl_typesupport_c: rosidl_typesupport_fastrtps_c;rosidl_typesupport_introspection_c
-- Using all available rosidl_typesupport_cpp: rosidl_typesupport_fastrtps_cpp;rosidl_typesupport_introspection_cpp
-- Found rmw_implementation_cmake: 7.3.2 (/opt/ros/jazzy/share/rmw_implementation_cmake/cmake)
-- Found rmw_fastrtps_cpp: 8.4.3 (/opt/ros/jazzy/share/rmw_fastrtps_cpp/cmake)
-- Using RMW implementation 'rmw_fastrtps_cpp' as default
-- Found std_msgs: 5.3.6 (/opt/ros/jazzy/share/std_msgs/cmake)
-- Found ament_lint_auto: 0.17.3 (/opt/ros/jazzy/share/ament_lint_auto/cmake)
-- Added test 'copyright' to check source files copyright and LICENSE
-- Added test 'cppcheck' to perform static code analysis on C / C++ code
-- Configured cppcheck include dirs: /home/dingo/Programming/ROS2Weaver/src/ros_weaver/include
-- Configured cppcheck exclude dirs and/or files: 
-- Added test 'cpplint' to check C / C++ code against the Google style
-- Configured cpplint exclude dirs and/or files: 
-- Added test 'lint_cmake' to check CMake code style
-- Added test 'uncrustify' to check C / C++ code style
-- Configured uncrustify additional arguments: 
-- Added test 'xmllint' to check XML markup files
-- Configuring done (0.5s)
-- Generating done (0.0s)
-- Build files have been written to: /home/dingo/Programming/ROS2Weaver/build/ros_weaver
[  0%] Built target ros_weaver_autogen_timestamp_deps
[ 10%] Automatic MOC and UIC for target ros_weaver
[ 10%] Built target ros_weaver_autogen
[ 20%] Building CXX object CMakeFiles/ros_weaver.dir/src/main.cpp.o
[ 30%] Building CXX object CMakeFiles/ros_weaver.dir/src/core/project.cpp.o
[ 50%] Building CXX object CMakeFiles/ros_weaver.dir/src/main_window.cpp.o
[ 50%] Building CXX object CMakeFiles/ros_weaver.dir/ros_weaver_autogen/mocs_compilation.cpp.o
[ 60%] Building CXX object CMakeFiles/ros_weaver.dir/src/canvas/weaver_canvas.cpp.o
[ 70%] Linking CXX executable ros_weaver
[100%] Built target ros_weaver
-- Install configuration: ""
-- Installing: /home/dingo/Programming/ROS2Weaver/install/ros_weaver/lib/ros_weaver/ros_weaver
-- Set non-toolchain portion of runtime path of "/home/dingo/Programming/ROS2Weaver/install/ros_weaver/lib/ros_weaver/ros_weaver" to ""
-- Up-to-date: /home/dingo/Programming/ROS2Weaver/install/ros_weaver/share/ros_weaver/config
-- Up-to-date: /home/dingo/Programming/ROS2Weaver/install/ros_weaver/share/ament_index/resource_index/package_run_dependencies/ros_weaver
-- Up-to-date: /home/dingo/Programming/ROS2Weaver/install/ros_weaver/share/ament_index/resource_index/parent_prefix_path/ros_weaver
-- Up-to-date: /home/dingo/Programming/ROS2Weaver/install/ros_weaver/share/ros_weaver/environment/ament_prefix_path.sh
-- Up-to-date: /home/dingo/Programming/ROS2Weaver/install/ros_weaver/share/ros_weaver/environment/ament_prefix_path.dsv
-- Up-to-date: /home/dingo/Programming/ROS2Weaver/install/ros_weaver/share/ros_weaver/environment/path.sh
-- Up-to-date: /home/dingo/Programming/ROS2Weaver/install/ros_weaver/share/ros_weaver/environment/path.dsv
-- Up-to-date: /home/dingo/Programming/ROS2Weaver/install/ros_weaver/share/ros_weaver/local_setup.bash
-- Up-to-date: /home/dingo/Programming/ROS2Weaver/install/ros_weaver/share/ros_weaver/local_setup.sh
-- Up-to-date: /home/dingo/Programming/ROS2Weaver/install/ros_weaver/share/ros_weaver/local_setup.zsh
-- Up-to-date: /home/dingo/Programming/ROS2Weaver/install/ros_weaver/share/ros_weaver/local_setup.dsv
-- Installing: /home/dingo/Programming/ROS2Weaver/install/ros_weaver/share/ros_weaver/package.dsv
-- Up-to-date: /home/dingo/Programming/ROS2Weaver/install/ros_weaver/share/ament_index/resource_index/packages/ros_weaver
-- Up-to-date: /home/dingo/Programming/ROS2Weaver/install/ros_weaver/share/ros_weaver/cmake/ros_weaverConfig.cmake
-- Up-to-date: /home/dingo/Programming/ROS2Weaver/install/ros_weaver/share/ros_weaver/cmake/ros_weaverConfig-version.cmake
-- Up-to-date: /home/dingo/Programming/ROS2Weaver/install/ros_weaver/share/ros_weaver/package.xml
