[  0%] Built target ros_weaver_autogen_timestamp_deps
[ 11%] Automatic MOC and UIC for target ros_weaver
[ 11%] Built target ros_weaver_autogen
[ 22%] Building CXX object CMakeFiles/ros_weaver.dir/src/main_window.cpp.o
[ 44%] Building CXX object CMakeFiles/ros_weaver.dir/src/canvas/weaver_canvas.cpp.o
[ 44%] Building CXX object CMakeFiles/ros_weaver.dir/src/canvas/package_block.cpp.o
[ 55%] Building CXX object CMakeFiles/ros_weaver.dir/src/canvas/connection_line.cpp.o
In file included from /usr/include/x86_64-linux-gnu/qt5/QtCore/qobject.h:49,
                 from /usr/include/x86_64-linux-gnu/qt5/QtWidgets/qgraphicsitem.h:44,
                 from /usr/include/x86_64-linux-gnu/qt5/QtWidgets/QGraphicsItem:1,
                 from /home/dingo/Programming/ROS2Weaver/src/ros_weaver/include/ros_weaver/canvas/package_block.hpp:4,
                 from /home/dingo/Programming/ROS2Weaver/src/ros_weaver/src/canvas/package_block.cpp:1:
/usr/include/x86_64-linux-gnu/qt5/QtCore/qlist.h: In instantiation of ‘int QtPrivate::indexOf(const QList<T>&, const U&, int) [with V = ros_weaver::Pin; U = ros_weaver::Pin]’:
/usr/include/x86_64-linux-gnu/qt5/QtCore/qlist.h:1026:36:   required from ‘int QList<T>::indexOf(const T&, int) const [with T = ros_weaver::Pin]’
/home/dingo/Programming/ROS2Weaver/src/ros_weaver/src/canvas/package_block.cpp:100:23:   required from here
/usr/include/x86_64-linux-gnu/qt5/QtCore/qlist.h:1042:24: error: no match for ‘operator==’ (operand types are ‘ros_weaver::Pin’ and ‘const ros_weaver::Pin’)
 1042 |             if (n->t() == u)
      |                 ~~~~~~~^~~~
In file included from /usr/include/x86_64-linux-gnu/qt5/QtCore/qhashfunctions.h:45,
                 from /usr/include/x86_64-linux-gnu/qt5/QtCore/qlist.h:47:
/usr/include/x86_64-linux-gnu/qt5/QtCore/qpair.h:113:41: note: candidate: ‘template<class T1, class T2> constexpr bool operator==(const QPair<T1, T2>&, const QPair<T1, T2>&)’
  113 | Q_DECL_CONSTEXPR Q_INLINE_TEMPLATE bool operator==(const QPair<T1, T2> &p1, const QPair<T1, T2> &p2)
      |                                         ^~~~~~~~
/usr/include/x86_64-linux-gnu/qt5/QtCore/qpair.h:113:41: note:   template argument deduction/substitution failed:
/usr/include/x86_64-linux-gnu/qt5/QtCore/qlist.h:1042:24: note:   ‘ros_weaver::Pin’ is not derived from ‘const QPair<T1, T2>’
 1042 |             if (n->t() == u)
      |                 ~~~~~~~^~~~
In file included from /usr/include/x86_64-linux-gnu/qt5/QtCore/qstring.h:49,
                 from /usr/include/x86_64-linux-gnu/qt5/QtCore/qobject.h:47:
/usr/include/x86_64-linux-gnu/qt5/QtCore/qchar.h:61:30: note: candidate: ‘constexpr bool operator==(char, QLatin1Char)’
   61 | Q_DECL_CONSTEXPR inline bool operator==(char lhs, QLatin1Char rhs) noexcept { return lhs == rhs.toLatin1(); }
      |                              ^~~~~~~~
/usr/include/x86_64-linux-gnu/qt5/QtCore/qchar.h:61:46: note:   no known conversion for argument 1 from ‘ros_weaver::Pin’ to ‘char’
   61 | Q_DECL_CONSTEXPR inline bool operator==(char lhs, QLatin1Char rhs) noexcept { return lhs == rhs.toLatin1(); }
      |                                         ~~~~~^~~
/usr/include/x86_64-linux-gnu/qt5/QtCore/qchar.h:68:30: note: candidate: ‘constexpr bool operator==(QLatin1Char, char)’
   68 | Q_DECL_CONSTEXPR inline bool operator==(QLatin1Char lhs, char rhs) noexcept { return lhs.toLatin1() == rhs; }
      |                              ^~~~~~~~
/usr/include/x86_64-linux-gnu/qt5/QtCore/qchar.h:68:53: note:   no known conversion for argument 1 from ‘ros_weaver::Pin’ to ‘QLatin1Char’
   68 | Q_DECL_CONSTEXPR inline bool operator==(QLatin1Char lhs, char rhs) noexcept { return lhs.toLatin1() == rhs; }
      |                                         ~~~~~~~~~~~~^~~
/usr/include/x86_64-linux-gnu/qt5/QtCore/qchar.h:637:30: note: candidate: ‘constexpr bool operator==(QChar, QChar)’
  637 | Q_DECL_CONSTEXPR inline bool operator==(QChar c1, QChar c2) noexcept { return c1.ucs == c2.ucs; }
      |                              ^~~~~~~~
/usr/include/x86_64-linux-gnu/qt5/QtCore/qchar.h:637:47: note:   no known conversion for argument 1 from ‘ros_weaver::Pin’ to ‘QChar’
  637 | Q_DECL_CONSTEXPR inline bool operator==(QChar c1, QChar c2) noexcept { return c1.ucs == c2.ucs; }
      |                                         ~~~~~~^~
/usr/include/x86_64-linux-gnu/qt5/QtCore/qchar.h:646:30: note: candidate: ‘constexpr bool operator==(QChar, std::nullptr_t)’
  646 | Q_DECL_CONSTEXPR inline bool operator==(QChar lhs, std::nullptr_t) noexcept { return lhs.isNull(); }
      |                              ^~~~~~~~
/usr/include/x86_64-linux-gnu/qt5/QtCore/qchar.h:646:47: note:   no known conversion for argument 1 from ‘ros_weaver::Pin’ to ‘QChar’
  646 | Q_DECL_CONSTEXPR inline bool operator==(QChar lhs, std::nullptr_t) noexcept { return lhs.isNull(); }
      |                                         ~~~~~~^~~
/usr/include/x86_64-linux-gnu/qt5/QtCore/qchar.h:648:30: note: candidate: ‘constexpr bool operator==(std::nullptr_t, QChar)’
  648 | Q_DECL_CONSTEXPR inline bool operator==(std::nullptr_t, QChar rhs) noexcept { return rhs.isNull(); }
      |                              ^~~~~~~~
/usr/include/x86_64-linux-gnu/qt5/QtCore/qchar.h:648:41: note:   no known conversion for argument 1 from ‘ros_weaver::Pin’ to ‘std::nullptr_t’
  648 | Q_DECL_CONSTEXPR inline bool operator==(std::nullptr_t, QChar rhs) noexcept { return rhs.isNull(); }
      |                                         ^~~~~~~~~~~~~~
In file included from /usr/include/x86_64-linux-gnu/qt5/QtCore/qstring.h:50:
/usr/include/x86_64-linux-gnu/qt5/QtCore/qbytearray.h:684:13: note: candidate: ‘bool operator==(const QByteArray&, const QByteArray&)’
  684 | inline bool operator==(const QByteArray &a1, const QByteArray &a2) noexcept
      |             ^~~~~~~~
/usr/include/x86_64-linux-gnu/qt5/QtCore/qbytearray.h:684:42: note:   no known conversion for argument 1 from ‘ros_weaver::Pin’ to ‘const QByteArray&’
  684 | inline bool operator==(const QByteArray &a1, const QByteArray &a2) noexcept
      |                        ~~~~~~~~~~~~~~~~~~^~
/usr/include/x86_64-linux-gnu/qt5/QtCore/qbytearray.h:686:13: note: candidate: ‘bool operator==(const QByteArray&, const char*)’
  686 | inline bool operator==(const QByteArray &a1, const char *a2) noexcept
      |             ^~~~~~~~
/usr/include/x86_64-linux-gnu/qt5/QtCore/qbytearray.h:686:42: note:   no known conversion for argument 1 from ‘ros_weaver::Pin’ to ‘const QByteArray&’
  686 | inline bool operator==(const QByteArray &a1, const char *a2) noexcept
      |                        ~~~~~~~~~~~~~~~~~~^~
/usr/include/x86_64-linux-gnu/qt5/QtCore/qbytearray.h:688:13: note: candidate: ‘bool operator==(const char*, const QByteArray&)’
  688 | inline bool operator==(const char *a1, const QByteArray &a2) noexcept
      |             ^~~~~~~~
/usr/include/x86_64-linux-gnu/qt5/QtCore/qbytearray.h:688:36: note:   no known conversion for argument 1 from ‘ros_weaver::Pin’ to ‘const char*’
  688 | inline bool operator==(const char *a1, const QByteArray &a2) noexcept
      |                        ~~~~~~~~~~~~^~
/usr/include/x86_64-linux-gnu/qt5/QtCore/qbytearray.h:800:13: note: candidate: ‘bool operator==(const QByteArray::FromBase64Result&, const QByteArray::FromBase64Result&)’
  800 | inline bool operator==(const QByteArray::FromBase64Result &lhs, const QByteArray::FromBase64Result &rhs) noexcept
      |             ^~~~~~~~
/usr/include/x86_64-linux-gnu/qt5/QtCore/qbytearray.h:800:60: note:   no known conversion for argument 1 from ‘ros_weaver::Pin’ to ‘const QByteArray::FromBase64Result&’
  800 | inline bool operator==(const QByteArray::FromBase64Result &lhs, const QByteArray::FromBase64Result &rhs) noexcept
      |                        ~~~~~~~~~~~~~~~~~~~~~~~~~~~~~~~~~~~~^~~
/usr/include/x86_64-linux-gnu/qt5/QtCore/qstring.h:1371:13: note: candidate: ‘bool operator==(QString::Null, QString::Null)’
 1371 | inline bool operator==(QString::Null, QString::Null) { return true; }
      |             ^~~~~~~~
/usr/include/x86_64-linux-gnu/qt5/QtCore/qstring.h:1371:24: note:   no known conversion for argument 1 from ‘ros_weaver::Pin’ to ‘QString::Null’
 1371 | inline bool operator==(QString::Null, QString::Null) { return true; }
      |                        ^~~~~~~~~~~~~
/usr/include/x86_64-linux-gnu/qt5/QtCore/qstring.h:1373:13: note: candidate: ‘bool operator==(QString::Null, const QString&)’
 1373 | inline bool operator==(QString::Null, const QString &s) { return s.isNull(); }
      |             ^~~~~~~~
/usr/include/x86_64-linux-gnu/qt5/QtCore/qstring.h:1373:24: note:   no known conversion for argument 1 from ‘ros_weaver::Pin’ to ‘QString::Null’
 1373 | inline bool operator==(QString::Null, const QString &s) { return s.isNull(); }
      |                        ^~~~~~~~~~~~~
/usr/include/x86_64-linux-gnu/qt5/QtCore/qstring.h:1375:13: note: candidate: ‘bool operator==(const QString&, QString::Null)’
 1375 | inline bool operator==(const QString &s, QString::Null) { return s.isNull(); }
      |             ^~~~~~~~
/usr/include/x86_64-linux-gnu/qt5/QtCore/qstring.h:1375:39: note:   no known conversion for argument 1 from ‘ros_weaver::Pin’ to ‘const QString&’
 1375 | inline bool operator==(const QString &s, QString::Null) { return s.isNull(); }
      |                        ~~~~~~~~~~~~~~~^
/usr/include/x86_64-linux-gnu/qt5/QtCore/qstring.h:1383:13: note: candidate: ‘bool operator==(QLatin1String, QLatin1String)’
 1383 | inline bool operator==(QLatin1String s1, QLatin1String s2) noexcept
      |             ^~~~~~~~
/usr/include/x86_64-linux-gnu/qt5/QtCore/qstring.h:1383:38: note:   no known conversion for argument 1 from ‘ros_weaver::Pin’ to ‘QLatin1String’
 1383 | inline bool operator==(QLatin1String s1, QLatin1String s2) noexcept
      |                        ~~~~~~~~~~~~~~^~
/usr/include/x86_64-linux-gnu/qt5/QtCore/qstring.h:1427:32: note: candidate: ‘bool operator==(const char*, const QString&)’
 1427 | inline QT_ASCII_CAST_WARN bool operator==(const char *s1, const QString &s2)
      |                                ^~~~~~~~
/usr/include/x86_64-linux-gnu/qt5/QtCore/qstring.h:1427:55: note:   no known conversion for argument 1 from ‘ros_weaver::Pin’ to ‘const char*’
 1427 | inline QT_ASCII_CAST_WARN bool operator==(const char *s1, const QString &s2)
      |                                           ~~~~~~~~~~~~^~
/usr/include/x86_64-linux-gnu/qt5/QtCore/qstring.h:1440:32: note: candidate: ‘bool operator==(const char*, QLatin1String)’
 1440 | inline QT_ASCII_CAST_WARN bool operator==(const char *s1, QLatin1String s2)
      |                                ^~~~~~~~
/usr/include/x86_64-linux-gnu/qt5/QtCore/qstring.h:1440:55: note:   no known conversion for argument 1 from ‘ros_weaver::Pin’ to ‘const char*’
 1440 | inline QT_ASCII_CAST_WARN bool operator==(const char *s1, QLatin1String s2)
      |                                           ~~~~~~~~~~~~^~
/usr/include/x86_64-linux-gnu/qt5/QtCore/qstring.h:1818:20: note: candidate: ‘bool operator==(const QStringRef&, const QStringRef&)’
 1818 | Q_CORE_EXPORT bool operator==(const QStringRef &s1, const QStringRef &s2) noexcept;
      |                    ^~~~~~~~
/usr/include/x86_64-linux-gnu/qt5/QtCore/qstring.h:1818:49: note:   no known conversion for argument 1 from ‘ros_weaver::Pin’ to ‘const QStringRef&’
 1818 | Q_CORE_EXPORT bool operator==(const QStringRef &s1, const QStringRef &s2) noexcept;
      |                               ~~~~~~~~~~~~~~~~~~^~
/usr/include/x86_64-linux-gnu/qt5/QtCore/qstring.h:1830:20: note: candidate: ‘bool operator==(const QString&, const QStringRef&)’
 1830 | Q_CORE_EXPORT bool operator==(const QString &lhs, const QStringRef &rhs) noexcept;
      |                    ^~~~~~~~
/usr/include/x86_64-linux-gnu/qt5/QtCore/qstring.h:1830:46: note:   no known conversion for argument 1 from ‘ros_weaver::Pin’ to ‘const QString&’
 1830 | Q_CORE_EXPORT bool operator==(const QString &lhs, const QStringRef &rhs) noexcept;
      |                               ~~~~~~~~~~~~~~~^~~
/usr/include/x86_64-linux-gnu/qt5/QtCore/qstring.h:1837:13: note: candidate: ‘bool operator==(const QStringRef&, const QString&)’
 1837 | inline bool operator==(const QStringRef &lhs, const QString &rhs) noexcept { return rhs == lhs; }
      |             ^~~~~~~~
/usr/include/x86_64-linux-gnu/qt5/QtCore/qstring.h:1837:42: note:   no known conversion for argument 1 from ‘ros_weaver::Pin’ to ‘const QStringRef&’
 1837 | inline bool operator==(const QStringRef &lhs, const QString &rhs) noexcept { return rhs == lhs; }
      |                        ~~~~~~~~~~~~~~~~~~^~~
/usr/include/x86_64-linux-gnu/qt5/QtCore/qstring.h:1866:20: note: candidate: ‘bool operator==(QLatin1String, const QStringRef&)’
 1866 | Q_CORE_EXPORT bool operator==(QLatin1String lhs, const QStringRef &rhs) noexcept;
      |                    ^~~~~~~~
/usr/include/x86_64-linux-gnu/qt5/QtCore/qstring.h:1866:45: note:   no known conversion for argument 1 from ‘ros_weaver::Pin’ to ‘QLatin1String’
 1866 | Q_CORE_EXPORT bool operator==(QLatin1String lhs, const QStringRef &rhs) noexcept;
      |                               ~~~~~~~~~~~~~~^~~
/usr/include/x86_64-linux-gnu/qt5/QtCore/qstring.h:1873:13: note: candidate: ‘bool operator==(const QStringRef&, QLatin1String)’
 1873 | inline bool operator==(const QStringRef &lhs, QLatin1String rhs) noexcept { return rhs == lhs; }
      |             ^~~~~~~~
/usr/include/x86_64-linux-gnu/qt5/QtCore/qstring.h:1873:42: note:   no known conversion for argument 1 from ‘ros_weaver::Pin’ to ‘const QStringRef&’
 1873 | inline bool operator==(const QStringRef &lhs, QLatin1String rhs) noexcept { return rhs == lhs; }
      |                        ~~~~~~~~~~~~~~~~~~^~~
/usr/include/x86_64-linux-gnu/qt5/QtCore/qstring.h:1881:13: note: candidate: ‘bool operator==(QChar, const QString&)’
 1881 | inline bool operator==(QChar lhs, const QString &rhs) noexcept
      |             ^~~~~~~~
/usr/include/x86_64-linux-gnu/qt5/QtCore/qstring.h:1881:30: note:   no known conversion for argument 1 from ‘ros_weaver::Pin’ to ‘QChar’
 1881 | inline bool operator==(QChar lhs, const QString &rhs) noexcept
      |                        ~~~~~~^~~
/usr/include/x86_64-linux-gnu/qt5/QtCore/qstring.h:1892:13: note: candidate: ‘bool operator==(const QString&, QChar)’
 1892 | inline bool operator==(const QString &lhs, QChar rhs) noexcept { return   rhs == lhs; }
      |             ^~~~~~~~
/usr/include/x86_64-linux-gnu/qt5/QtCore/qstring.h:1892:39: note:   no known conversion for argument 1 from ‘ros_weaver::Pin’ to ‘const QString&’
 1892 | inline bool operator==(const QString &lhs, QChar rhs) noexcept { return   rhs == lhs; }
      |                        ~~~~~~~~~~~~~~~^~~
/usr/include/x86_64-linux-gnu/qt5/QtCore/qstring.h:1900:13: note: candidate: ‘bool operator==(QChar, const QStringRef&)’
 1900 | inline bool operator==(QChar lhs, const QStringRef &rhs) noexcept
      |             ^~~~~~~~
/usr/include/x86_64-linux-gnu/qt5/QtCore/qstring.h:1900:30: note:   no known conversion for argument 1 from ‘ros_weaver::Pin’ to ‘QChar’
 1900 | inline bool operator==(QChar lhs, const QStringRef &rhs) noexcept
      |                        ~~~~~~^~~
/usr/include/x86_64-linux-gnu/qt5/QtCore/qstring.h:1911:13: note: candidate: ‘bool operator==(const QStringRef&, QChar)’
 1911 | inline bool operator==(const QStringRef &lhs, QChar rhs) noexcept { return   rhs == lhs; }
      |             ^~~~~~~~
/usr/include/x86_64-linux-gnu/qt5/QtCore/qstring.h:1911:42: note:   no known conversion for argument 1 from ‘ros_weaver::Pin’ to ‘const QStringRef&’
 1911 | inline bool operator==(const QStringRef &lhs, QChar rhs) noexcept { return   rhs == lhs; }
      |                        ~~~~~~~~~~~~~~~~~~^~~
/usr/include/x86_64-linux-gnu/qt5/QtCore/qstring.h:1919:13: note: candidate: ‘bool operator==(QChar, QLatin1String)’
 1919 | inline bool operator==(QChar lhs, QLatin1String rhs) noexcept
      |             ^~~~~~~~
/usr/include/x86_64-linux-gnu/qt5/QtCore/qstring.h:1919:30: note:   no known conversion for argument 1 from ‘ros_weaver::Pin’ to ‘QChar’
 1919 | inline bool operator==(QChar lhs, QLatin1String rhs) noexcept
      |                        ~~~~~~^~~
/usr/include/x86_64-linux-gnu/qt5/QtCore/qstring.h:1930:13: note: candidate: ‘bool operator==(QLatin1String, QChar)’
 1930 | inline bool operator==(QLatin1String lhs, QChar rhs) noexcept { return   rhs == lhs; }
      |             ^~~~~~~~
/usr/include/x86_64-linux-gnu/qt5/QtCore/qstring.h:1930:38: note:   no known conversion for argument 1 from ‘ros_weaver::Pin’ to ‘QLatin1String’
 1930 | inline bool operator==(QLatin1String lhs, QChar rhs) noexcept { return   rhs == lhs; }
      |                        ~~~~~~~~~~~~~~^~~
/usr/include/x86_64-linux-gnu/qt5/QtCore/qstring.h:1938:13: note: candidate: ‘bool operator==(QStringView, QStringView)’
 1938 | inline bool operator==(QStringView lhs, QStringView rhs) noexcept { return lhs.size() == rhs.size() && QtPrivate::compareStrings(lhs, rhs) == 0; }
      |             ^~~~~~~~
/usr/include/x86_64-linux-gnu/qt5/QtCore/qstring.h:1938:36: note:   no known conversion for argument 1 from ‘ros_weaver::Pin’ to ‘QStringView’
 1938 | inline bool operator==(QStringView lhs, QStringView rhs) noexcept { return lhs.size() == rhs.size() && QtPrivate::compareStrings(lhs, rhs) == 0; }
      |                        ~~~~~~~~~~~~^~~
/usr/include/x86_64-linux-gnu/qt5/QtCore/qstring.h:1946:13: note: candidate: ‘bool operator==(QStringView, QChar)’
 1946 | inline bool operator==(QStringView lhs, QChar rhs) noexcept { return lhs == QStringView(&rhs, 1); }
      |             ^~~~~~~~
/usr/include/x86_64-linux-gnu/qt5/QtCore/qstring.h:1946:36: note:   no known conversion for argument 1 from ‘ros_weaver::Pin’ to ‘QStringView’
 1946 | inline bool operator==(QStringView lhs, QChar rhs) noexcept { return lhs == QStringView(&rhs, 1); }
      |                        ~~~~~~~~~~~~^~~
/usr/include/x86_64-linux-gnu/qt5/QtCore/qstring.h:1953:13: note: candidate: ‘bool operator==(QChar, QStringView)’
 1953 | inline bool operator==(QChar lhs, QStringView rhs) noexcept { return QStringView(&lhs, 1) == rhs; }
      |             ^~~~~~~~
/usr/include/x86_64-linux-gnu/qt5/QtCore/qstring.h:1953:30: note:   no known conversion for argument 1 from ‘ros_weaver::Pin’ to ‘QChar’
 1953 | inline bool operator==(QChar lhs, QStringView rhs) noexcept { return QStringView(&lhs, 1) == rhs; }
      |                        ~~~~~~^~~
/usr/include/x86_64-linux-gnu/qt5/QtCore/qstring.h:1961:13: note: candidate: ‘bool operator==(QStringView, QLatin1String)’
 1961 | inline bool operator==(QStringView lhs, QLatin1String rhs) noexcept { return lhs.size() == rhs.size() && QtPrivate::compareStrings(lhs, rhs) == 0; }
      |             ^~~~~~~~
/usr/include/x86_64-linux-gnu/qt5/QtCore/qstring.h:1961:36: note:   no known conversion for argument 1 from ‘ros_weaver::Pin’ to ‘QStringView’
 1961 | inline bool operator==(QStringView lhs, QLatin1String rhs) noexcept { return lhs.size() == rhs.size() && QtPrivate::compareStrings(lhs, rhs) == 0; }
      |                        ~~~~~~~~~~~~^~~
/usr/include/x86_64-linux-gnu/qt5/QtCore/qstring.h:1968:13: note: candidate: ‘bool operator==(QLatin1String, QStringView)’
 1968 | inline bool operator==(QLatin1String lhs, QStringView rhs) noexcept { return lhs.size() == rhs.size() && QtPrivate::compareStrings(lhs, rhs) == 0; }
      |             ^~~~~~~~
/usr/include/x86_64-linux-gnu/qt5/QtCore/qstring.h:1968:38: note:   no known conversion for argument 1 from ‘ros_weaver::Pin’ to ‘QLatin1String’
 1968 | inline bool operator==(QLatin1String lhs, QStringView rhs) noexcept { return lhs.size() == rhs.size() && QtPrivate::compareStrings(lhs, rhs) == 0; }
      |                        ~~~~~~~~~~~~~~^~~
/usr/include/x86_64-linux-gnu/qt5/QtCore/qstring.h:1977:32: note: candidate: ‘bool operator==(const QStringRef&, const QByteArray&)’
 1977 | inline QT_ASCII_CAST_WARN bool operator==(const QStringRef &lhs, const QByteArray &rhs) { return lhs.compare(rhs) == 0; }
      |                                ^~~~~~~~
/usr/include/x86_64-linux-gnu/qt5/QtCore/qstring.h:1977:61: note:   no known conversion for argument 1 from ‘ros_weaver::Pin’ to ‘const QStringRef&’
 1977 | inline QT_ASCII_CAST_WARN bool operator==(const QStringRef &lhs, const QByteArray &rhs) { return lhs.compare(rhs) == 0; }
      |                                           ~~~~~~~~~~~~~~~~~~^~~
/usr/include/x86_64-linux-gnu/qt5/QtCore/qstring.h:1984:32: note: candidate: ‘bool operator==(const QByteArray&, const QStringRef&)’
 1984 | inline QT_ASCII_CAST_WARN bool operator==(const QByteArray &lhs, const QStringRef &rhs) { return rhs.compare(lhs) == 0; }
      |                                ^~~~~~~~
/usr/include/x86_64-linux-gnu/qt5/QtCore/qstring.h:1984:61: note:   no known conversion for argument 1 from ‘ros_weaver::Pin’ to ‘const QByteArray&’
 1984 | inline QT_ASCII_CAST_WARN bool operator==(const QByteArray &lhs, const QStringRef &rhs) { return rhs.compare(lhs) == 0; }
      |                                           ~~~~~~~~~~~~~~~~~~^~~
/usr/include/x86_64-linux-gnu/qt5/QtCore/qstring.h:2005:32: note: candidate: ‘bool operator==(const char*, const QStringRef&)’
 2005 | inline QT_ASCII_CAST_WARN bool operator==(const char *s1, const QStringRef &s2)
      |                                ^~~~~~~~
/usr/include/x86_64-linux-gnu/qt5/QtCore/qstring.h:2005:55: note:   no known conversion for argument 1 from ‘ros_weaver::Pin’ to ‘const char*’
 2005 | inline QT_ASCII_CAST_WARN bool operator==(const char *s1, const QStringRef &s2)
      |                                           ~~~~~~~~~~~~^~
gmake[2]: *** [CMakeFiles/ros_weaver.dir/build.make:139: CMakeFiles/ros_weaver.dir/src/canvas/package_block.cpp.o] Error 1
gmake[2]: *** Waiting for unfinished jobs....
gmake[1]: *** [CMakeFiles/Makefile2:140: CMakeFiles/ros_weaver.dir/all] Error 2
gmake: *** [Makefile:146: all] Error 2
