[0.010s] Invoking command in '/home/dingo/Programming/ROS2Weaver/build/ros_weaver': CMAKE_PREFIX_PATH=${CMAKE_PREFIX_PATH}:/opt/ros/jazzy DEBUGINFOD_URLS=https://debuginfod.ubuntu.com /usr/bin/cmake --build /home/dingo/Programming/ROS2Weaver/build/ros_weaver -- -j12 -l12
[0.067s] [  0%] Built target ros_weaver_autogen_timestamp_deps
[0.115s] [ 11%] Automatic MOC and UIC for target ros_weaver
[0.150s] [ 11%] Built target ros_weaver_autogen
[0.211s] [ 22%] Building CXX object CMakeFiles/ros_weaver.dir/src/main_window.cpp.o
[0.211s] [ 44%] Building CXX object CMakeFiles/ros_weaver.dir/src/canvas/weaver_canvas.cpp.o
[0.211s] [ 44%] Building CXX object CMakeFiles/ros_weaver.dir/src/canvas/package_block.cpp.o
[0.212s] [ 55%] Building CXX object CMakeFiles/ros_weaver.dir/src/canvas/connection_line.cpp.o
[1.287s] In file included from /usr/include/x86_64-linux-gnu/qt5/QtCore/qobject.h:49,
[1.287s]                  from /usr/include/x86_64-linux-gnu/qt5/QtWidgets/qgraphicsitem.h:44,
[1.287s]                  from /usr/include/x86_64-linux-gnu/qt5/QtWidgets/QGraphicsItem:1,
[1.287s]                  from /home/dingo/Programming/ROS2Weaver/src/ros_weaver/include/ros_weaver/canvas/package_block.hpp:4,
[1.287s]                  from /home/dingo/Programming/ROS2Weaver/src/ros_weaver/src/canvas/package_block.cpp:1:
[1.287s] /usr/include/x86_64-linux-gnu/qt5/QtCore/qlist.h: In instantiation of ‘int QtPrivate::indexOf(const QList<T>&, const U&, int) [with V = ros_weaver::Pin; U = ros_weaver::Pin]’:
[1.287s] /usr/include/x86_64-linux-gnu/qt5/QtCore/qlist.h:1026:36:   required from ‘int QList<T>::indexOf(const T&, int) const [with T = ros_weaver::Pin]’
[1.287s] /home/dingo/Programming/ROS2Weaver/src/ros_weaver/src/canvas/package_block.cpp:100:23:   required from here
[1.287s] /usr/include/x86_64-linux-gnu/qt5/QtCore/qlist.h:1042:24: error: no match for ‘operator==’ (operand types are ‘ros_weaver::Pin’ and ‘const ros_weaver::Pin’)
[1.288s]  1042 |             if (n->t() == u)
[1.288s]       |                 ~~~~~~~^~~~
[1.288s] In file included from /usr/include/x86_64-linux-gnu/qt5/QtCore/qhashfunctions.h:45,
[1.288s]                  from /usr/include/x86_64-linux-gnu/qt5/QtCore/qlist.h:47:
[1.288s] /usr/include/x86_64-linux-gnu/qt5/QtCore/qpair.h:113:41: note: candidate: ‘template<class T1, class T2> constexpr bool operator==(const QPair<T1, T2>&, const QPair<T1, T2>&)’
[1.288s]   113 | Q_DECL_CONSTEXPR Q_INLINE_TEMPLATE bool operator==(const QPair<T1, T2> &p1, const QPair<T1, T2> &p2)
[1.288s]       |                                         ^~~~~~~~
[1.288s] /usr/include/x86_64-linux-gnu/qt5/QtCore/qpair.h:113:41: note:   template argument deduction/substitution failed:
[1.288s] /usr/include/x86_64-linux-gnu/qt5/QtCore/qlist.h:1042:24: note:   ‘ros_weaver::Pin’ is not derived from ‘const QPair<T1, T2>’
[1.288s]  1042 |             if (n->t() == u)
[1.288s]       |                 ~~~~~~~^~~~
[1.288s] In file included from /usr/include/x86_64-linux-gnu/qt5/QtCore/qstring.h:49,
[1.288s]                  from /usr/include/x86_64-linux-gnu/qt5/QtCore/qobject.h:47:
[1.288s] /usr/include/x86_64-linux-gnu/qt5/QtCore/qchar.h:61:30: note: candidate: ‘constexpr bool operator==(char, QLatin1Char)’
[1.289s]    61 | Q_DECL_CONSTEXPR inline bool operator==(char lhs, QLatin1Char rhs) noexcept { return lhs == rhs.toLatin1(); }
[1.289s]       |                              ^~~~~~~~
[1.289s] /usr/include/x86_64-linux-gnu/qt5/QtCore/qchar.h:61:46: note:   no known conversion for argument 1 from ‘ros_weaver::Pin’ to ‘char’
[1.289s]    61 | Q_DECL_CONSTEXPR inline bool operator==(char lhs, QLatin1Char rhs) noexcept { return lhs == rhs.toLatin1(); }
[1.289s]       |                                         ~~~~~^~~
[1.289s] /usr/include/x86_64-linux-gnu/qt5/QtCore/qchar.h:68:30: note: candidate: ‘constexpr bool operator==(QLatin1Char, char)’
[1.289s]    68 | Q_DECL_CONSTEXPR inline bool operator==(QLatin1Char lhs, char rhs) noexcept { return lhs.toLatin1() == rhs; }
[1.290s]       |                              ^~~~~~~~
[1.290s] /usr/include/x86_64-linux-gnu/qt5/QtCore/qchar.h:68:53: note:   no known conversion for argument 1 from ‘ros_weaver::Pin’ to ‘QLatin1Char’
[1.290s]    68 | Q_DECL_CONSTEXPR inline bool operator==(QLatin1Char lhs, char rhs) noexcept { return lhs.toLatin1() == rhs; }
[1.290s]       |                                         ~~~~~~~~~~~~^~~
[1.290s] /usr/include/x86_64-linux-gnu/qt5/QtCore/qchar.h:637:30: note: candidate: ‘constexpr bool operator==(QChar, QChar)’
[1.290s]   637 | Q_DECL_CONSTEXPR inline bool operator==(QChar c1, QChar c2) noexcept { return c1.ucs == c2.ucs; }
[1.290s]       |                              ^~~~~~~~
[1.290s] /usr/include/x86_64-linux-gnu/qt5/QtCore/qchar.h:637:47: note:   no known conversion for argument 1 from ‘ros_weaver::Pin’ to ‘QChar’
[1.290s]   637 | Q_DECL_CONSTEXPR inline bool operator==(QChar c1, QChar c2) noexcept { return c1.ucs == c2.ucs; }
[1.290s]       |                                         ~~~~~~^~
[1.290s] /usr/include/x86_64-linux-gnu/qt5/QtCore/qchar.h:646:30: note: candidate: ‘constexpr bool operator==(QChar, std::nullptr_t)’
[1.290s]   646 | Q_DECL_CONSTEXPR inline bool operator==(QChar lhs, std::nullptr_t) noexcept { return lhs.isNull(); }
[1.290s]       |                              ^~~~~~~~
[1.290s] /usr/include/x86_64-linux-gnu/qt5/QtCore/qchar.h:646:47: note:   no known conversion for argument 1 from ‘ros_weaver::Pin’ to ‘QChar’
[1.291s]   646 | Q_DECL_CONSTEXPR inline bool operator==(QChar lhs, std::nullptr_t) noexcept { return lhs.isNull(); }
[1.291s]       |                                         ~~~~~~^~~
[1.291s] /usr/include/x86_64-linux-gnu/qt5/QtCore/qchar.h:648:30: note: candidate: ‘constexpr bool operator==(std::nullptr_t, QChar)’
[1.291s]   648 | Q_DECL_CONSTEXPR inline bool operator==(std::nullptr_t, QChar rhs) noexcept { return rhs.isNull(); }
[1.291s]       |                              ^~~~~~~~
[1.291s] /usr/include/x86_64-linux-gnu/qt5/QtCore/qchar.h:648:41: note:   no known conversion for argument 1 from ‘ros_weaver::Pin’ to ‘std::nullptr_t’
[1.291s]   648 | Q_DECL_CONSTEXPR inline bool operator==(std::nullptr_t, QChar rhs) noexcept { return rhs.isNull(); }
[1.291s]       |                                         ^~~~~~~~~~~~~~
[1.291s] In file included from /usr/include/x86_64-linux-gnu/qt5/QtCore/qstring.h:50:
[1.291s] /usr/include/x86_64-linux-gnu/qt5/QtCore/qbytearray.h:684:13: note: candidate: ‘bool operator==(const QByteArray&, const QByteArray&)’
[1.291s]   684 | inline bool operator==(const QByteArray &a1, const QByteArray &a2) noexcept
[1.291s]       |             ^~~~~~~~
[1.291s] /usr/include/x86_64-linux-gnu/qt5/QtCore/qbytearray.h:684:42: note:   no known conversion for argument 1 from ‘ros_weaver::Pin’ to ‘const QByteArray&’
[1.291s]   684 | inline bool operator==(const QByteArray &a1, const QByteArray &a2) noexcept
[1.292s]       |                        ~~~~~~~~~~~~~~~~~~^~
[1.292s] /usr/include/x86_64-linux-gnu/qt5/QtCore/qbytearray.h:686:13: note: candidate: ‘bool operator==(const QByteArray&, const char*)’
[1.292s]   686 | inline bool operator==(const QByteArray &a1, const char *a2) noexcept
[1.292s]       |             ^~~~~~~~
[1.292s] /usr/include/x86_64-linux-gnu/qt5/QtCore/qbytearray.h:686:42: note:   no known conversion for argument 1 from ‘ros_weaver::Pin’ to ‘const QByteArray&’
[1.292s]   686 | inline bool operator==(const QByteArray &a1, const char *a2) noexcept
[1.292s]       |                        ~~~~~~~~~~~~~~~~~~^~
[1.292s] /usr/include/x86_64-linux-gnu/qt5/QtCore/qbytearray.h:688:13: note: candidate: ‘bool operator==(const char*, const QByteArray&)’
[1.292s]   688 | inline bool operator==(const char *a1, const QByteArray &a2) noexcept
[1.292s]       |             ^~~~~~~~
[1.292s] /usr/include/x86_64-linux-gnu/qt5/QtCore/qbytearray.h:688:36: note:   no known conversion for argument 1 from ‘ros_weaver::Pin’ to ‘const char*’
[1.292s]   688 | inline bool operator==(const char *a1, const QByteArray &a2) noexcept
[1.292s]       |                        ~~~~~~~~~~~~^~
[1.292s] /usr/include/x86_64-linux-gnu/qt5/QtCore/qbytearray.h:800:13: note: candidate: ‘bool operator==(const QByteArray::FromBase64Result&, const QByteArray::FromBase64Result&)’
[1.293s]   800 | inline bool operator==(const QByteArray::FromBase64Result &lhs, const QByteArray::FromBase64Result &rhs) noexcept
[1.293s]       |             ^~~~~~~~
[1.293s] /usr/include/x86_64-linux-gnu/qt5/QtCore/qbytearray.h:800:60: note:   no known conversion for argument 1 from ‘ros_weaver::Pin’ to ‘const QByteArray::FromBase64Result&’
[1.293s]   800 | inline bool operator==(const QByteArray::FromBase64Result &lhs, const QByteArray::FromBase64Result &rhs) noexcept
[1.293s]       |                        ~~~~~~~~~~~~~~~~~~~~~~~~~~~~~~~~~~~~^~~
[1.293s] /usr/include/x86_64-linux-gnu/qt5/QtCore/qstring.h:1371:13: note: candidate: ‘bool operator==(QString::Null, QString::Null)’
[1.293s]  1371 | inline bool operator==(QString::Null, QString::Null) { return true; }
[1.293s]       |             ^~~~~~~~
[1.294s] /usr/include/x86_64-linux-gnu/qt5/QtCore/qstring.h:1371:24: note:   no known conversion for argument 1 from ‘ros_weaver::Pin’ to ‘QString::Null’
[1.294s]  1371 | inline bool operator==(QString::Null, QString::Null) { return true; }
[1.294s]       |                        ^~~~~~~~~~~~~
[1.294s] /usr/include/x86_64-linux-gnu/qt5/QtCore/qstring.h:1373:13: note: candidate: ‘bool operator==(QString::Null, const QString&)’
[1.294s]  1373 | inline bool operator==(QString::Null, const QString &s) { return s.isNull(); }
[1.294s]       |             ^~~~~~~~
[1.294s] /usr/include/x86_64-linux-gnu/qt5/QtCore/qstring.h:1373:24: note:   no known conversion for argument 1 from ‘ros_weaver::Pin’ to ‘QString::Null’
[1.294s]  1373 | inline bool operator==(QString::Null, const QString &s) { return s.isNull(); }
[1.294s]       |                        ^~~~~~~~~~~~~
[1.294s] /usr/include/x86_64-linux-gnu/qt5/QtCore/qstring.h:1375:13: note: candidate: ‘bool operator==(const QString&, QString::Null)’
[1.294s]  1375 | inline bool operator==(const QString &s, QString::Null) { return s.isNull(); }
[1.294s]       |             ^~~~~~~~
[1.294s] /usr/include/x86_64-linux-gnu/qt5/QtCore/qstring.h:1375:39: note:   no known conversion for argument 1 from ‘ros_weaver::Pin’ to ‘const QString&’
[1.294s]  1375 | inline bool operator==(const QString &s, QString::Null) { return s.isNull(); }
[1.295s]       |                        ~~~~~~~~~~~~~~~^
[1.295s] /usr/include/x86_64-linux-gnu/qt5/QtCore/qstring.h:1383:13: note: candidate: ‘bool operator==(QLatin1String, QLatin1String)’
[1.295s]  1383 | inline bool operator==(QLatin1String s1, QLatin1String s2) noexcept
[1.295s]       |             ^~~~~~~~
[1.295s] /usr/include/x86_64-linux-gnu/qt5/QtCore/qstring.h:1383:38: note:   no known conversion for argument 1 from ‘ros_weaver::Pin’ to ‘QLatin1String’
[1.295s]  1383 | inline bool operator==(QLatin1String s1, QLatin1String s2) noexcept
[1.295s]       |                        ~~~~~~~~~~~~~~^~
[1.295s] /usr/include/x86_64-linux-gnu/qt5/QtCore/qstring.h:1427:32: note: candidate: ‘bool operator==(const char*, const QString&)’
[1.295s]  1427 | inline QT_ASCII_CAST_WARN bool operator==(const char *s1, const QString &s2)
[1.295s]       |                                ^~~~~~~~
[1.295s] /usr/include/x86_64-linux-gnu/qt5/QtCore/qstring.h:1427:55: note:   no known conversion for argument 1 from ‘ros_weaver::Pin’ to ‘const char*’
[1.295s]  1427 | inline QT_ASCII_CAST_WARN bool operator==(const char *s1, const QString &s2)
[1.295s]       |                                           ~~~~~~~~~~~~^~
[1.295s] /usr/include/x86_64-linux-gnu/qt5/QtCore/qstring.h:1440:32: note: candidate: ‘bool operator==(const char*, QLatin1String)’
[1.295s]  1440 | inline QT_ASCII_CAST_WARN bool operator==(const char *s1, QLatin1String s2)
[1.295s]       |                                ^~~~~~~~
[1.295s] /usr/include/x86_64-linux-gnu/qt5/QtCore/qstring.h:1440:55: note:   no known conversion for argument 1 from ‘ros_weaver::Pin’ to ‘const char*’
[1.295s]  1440 | inline QT_ASCII_CAST_WARN bool operator==(const char *s1, QLatin1String s2)
[1.295s]       |                                           ~~~~~~~~~~~~^~
[1.295s] /usr/include/x86_64-linux-gnu/qt5/QtCore/qstring.h:1818:20: note: candidate: ‘bool operator==(const QStringRef&, const QStringRef&)’
[1.295s]  1818 | Q_CORE_EXPORT bool operator==(const QStringRef &s1, const QStringRef &s2) noexcept;
[1.295s]       |                    ^~~~~~~~
[1.295s] /usr/include/x86_64-linux-gnu/qt5/QtCore/qstring.h:1818:49: note:   no known conversion for argument 1 from ‘ros_weaver::Pin’ to ‘const QStringRef&’
[1.296s]  1818 | Q_CORE_EXPORT bool operator==(const QStringRef &s1, const QStringRef &s2) noexcept;
[1.296s]       |                               ~~~~~~~~~~~~~~~~~~^~
[1.296s] /usr/include/x86_64-linux-gnu/qt5/QtCore/qstring.h:1830:20: note: candidate: ‘bool operator==(const QString&, const QStringRef&)’
[1.296s]  1830 | Q_CORE_EXPORT bool operator==(const QString &lhs, const QStringRef &rhs) noexcept;
[1.296s]       |                    ^~~~~~~~
[1.296s] /usr/include/x86_64-linux-gnu/qt5/QtCore/qstring.h:1830:46: note:   no known conversion for argument 1 from ‘ros_weaver::Pin’ to ‘const QString&’
[1.296s]  1830 | Q_CORE_EXPORT bool operator==(const QString &lhs, const QStringRef &rhs) noexcept;
[1.296s]       |                               ~~~~~~~~~~~~~~~^~~
[1.296s] /usr/include/x86_64-linux-gnu/qt5/QtCore/qstring.h:1837:13: note: candidate: ‘bool operator==(const QStringRef&, const QString&)’
[1.296s]  1837 | inline bool operator==(const QStringRef &lhs, const QString &rhs) noexcept { return rhs == lhs; }
[1.296s]       |             ^~~~~~~~
[1.296s] /usr/include/x86_64-linux-gnu/qt5/QtCore/qstring.h:1837:42: note:   no known conversion for argument 1 from ‘ros_weaver::Pin’ to ‘const QStringRef&’
[1.296s]  1837 | inline bool operator==(const QStringRef &lhs, const QString &rhs) noexcept { return rhs == lhs; }
[1.296s]       |                        ~~~~~~~~~~~~~~~~~~^~~
[1.296s] /usr/include/x86_64-linux-gnu/qt5/QtCore/qstring.h:1866:20: note: candidate: ‘bool operator==(QLatin1String, const QStringRef&)’
[1.296s]  1866 | Q_CORE_EXPORT bool operator==(QLatin1String lhs, const QStringRef &rhs) noexcept;
[1.296s]       |                    ^~~~~~~~
[1.296s] /usr/include/x86_64-linux-gnu/qt5/QtCore/qstring.h:1866:45: note:   no known conversion for argument 1 from ‘ros_weaver::Pin’ to ‘QLatin1String’
[1.296s]  1866 | Q_CORE_EXPORT bool operator==(QLatin1String lhs, const QStringRef &rhs) noexcept;
[1.296s]       |                               ~~~~~~~~~~~~~~^~~
[1.296s] /usr/include/x86_64-linux-gnu/qt5/QtCore/qstring.h:1873:13: note: candidate: ‘bool operator==(const QStringRef&, QLatin1String)’
[1.296s]  1873 | inline bool operator==(const QStringRef &lhs, QLatin1String rhs) noexcept { return rhs == lhs; }
[1.296s]       |             ^~~~~~~~
[1.296s] /usr/include/x86_64-linux-gnu/qt5/QtCore/qstring.h:1873:42: note:   no known conversion for argument 1 from ‘ros_weaver::Pin’ to ‘const QStringRef&’
[1.296s]  1873 | inline bool operator==(const QStringRef &lhs, QLatin1String rhs) noexcept { return rhs == lhs; }
[1.296s]       |                        ~~~~~~~~~~~~~~~~~~^~~
[1.296s] /usr/include/x86_64-linux-gnu/qt5/QtCore/qstring.h:1881:13: note: candidate: ‘bool operator==(QChar, const QString&)’
[1.296s]  1881 | inline bool operator==(QChar lhs, const QString &rhs) noexcept
[1.297s]       |             ^~~~~~~~
[1.297s] /usr/include/x86_64-linux-gnu/qt5/QtCore/qstring.h:1881:30: note:   no known conversion for argument 1 from ‘ros_weaver::Pin’ to ‘QChar’
[1.297s]  1881 | inline bool operator==(QChar lhs, const QString &rhs) noexcept
[1.297s]       |                        ~~~~~~^~~
[1.297s] /usr/include/x86_64-linux-gnu/qt5/QtCore/qstring.h:1892:13: note: candidate: ‘bool operator==(const QString&, QChar)’
[1.297s]  1892 | inline bool operator==(const QString &lhs, QChar rhs) noexcept { return   rhs == lhs; }
[1.297s]       |             ^~~~~~~~
[1.297s] /usr/include/x86_64-linux-gnu/qt5/QtCore/qstring.h:1892:39: note:   no known conversion for argument 1 from ‘ros_weaver::Pin’ to ‘const QString&’
[1.297s]  1892 | inline bool operator==(const QString &lhs, QChar rhs) noexcept { return   rhs == lhs; }
[1.297s]       |                        ~~~~~~~~~~~~~~~^~~
[1.297s] /usr/include/x86_64-linux-gnu/qt5/QtCore/qstring.h:1900:13: note: candidate: ‘bool operator==(QChar, const QStringRef&)’
[1.297s]  1900 | inline bool operator==(QChar lhs, const QStringRef &rhs) noexcept
[1.297s]       |             ^~~~~~~~
[1.297s] /usr/include/x86_64-linux-gnu/qt5/QtCore/qstring.h:1900:30: note:   no known conversion for argument 1 from ‘ros_weaver::Pin’ to ‘QChar’
[1.297s]  1900 | inline bool operator==(QChar lhs, const QStringRef &rhs) noexcept
[1.297s]       |                        ~~~~~~^~~
[1.297s] /usr/include/x86_64-linux-gnu/qt5/QtCore/qstring.h:1911:13: note: candidate: ‘bool operator==(const QStringRef&, QChar)’
[1.297s]  1911 | inline bool operator==(const QStringRef &lhs, QChar rhs) noexcept { return   rhs == lhs; }
[1.297s]       |             ^~~~~~~~
[1.297s] /usr/include/x86_64-linux-gnu/qt5/QtCore/qstring.h:1911:42: note:   no known conversion for argument 1 from ‘ros_weaver::Pin’ to ‘const QStringRef&’
[1.297s]  1911 | inline bool operator==(const QStringRef &lhs, QChar rhs) noexcept { return   rhs == lhs; }
[1.297s]       |                        ~~~~~~~~~~~~~~~~~~^~~
[1.297s] /usr/include/x86_64-linux-gnu/qt5/QtCore/qstring.h:1919:13: note: candidate: ‘bool operator==(QChar, QLatin1String)’
[1.297s]  1919 | inline bool operator==(QChar lhs, QLatin1String rhs) noexcept
[1.297s]       |             ^~~~~~~~
[1.297s] /usr/include/x86_64-linux-gnu/qt5/QtCore/qstring.h:1919:30: note:   no known conversion for argument 1 from ‘ros_weaver::Pin’ to ‘QChar’
[1.297s]  1919 | inline bool operator==(QChar lhs, QLatin1String rhs) noexcept
[1.297s]       |                        ~~~~~~^~~
[1.297s] /usr/include/x86_64-linux-gnu/qt5/QtCore/qstring.h:1930:13: note: candidate: ‘bool operator==(QLatin1String, QChar)’
[1.297s]  1930 | inline bool operator==(QLatin1String lhs, QChar rhs) noexcept { return   rhs == lhs; }
[1.297s]       |             ^~~~~~~~
[1.297s] /usr/include/x86_64-linux-gnu/qt5/QtCore/qstring.h:1930:38: note:   no known conversion for argument 1 from ‘ros_weaver::Pin’ to ‘QLatin1String’
[1.297s]  1930 | inline bool operator==(QLatin1String lhs, QChar rhs) noexcept { return   rhs == lhs; }
[1.298s]       |                        ~~~~~~~~~~~~~~^~~
[1.298s] /usr/include/x86_64-linux-gnu/qt5/QtCore/qstring.h:1938:13: note: candidate: ‘bool operator==(QStringView, QStringView)’
[1.298s]  1938 | inline bool operator==(QStringView lhs, QStringView rhs) noexcept { return lhs.size() == rhs.size() && QtPrivate::compareStrings(lhs, rhs) == 0; }
[1.298s]       |             ^~~~~~~~
[1.298s] /usr/include/x86_64-linux-gnu/qt5/QtCore/qstring.h:1938:36: note:   no known conversion for argument 1 from ‘ros_weaver::Pin’ to ‘QStringView’
[1.298s]  1938 | inline bool operator==(QStringView lhs, QStringView rhs) noexcept { return lhs.size() == rhs.size() && QtPrivate::compareStrings(lhs, rhs) == 0; }
[1.298s]       |                        ~~~~~~~~~~~~^~~
[1.298s] /usr/include/x86_64-linux-gnu/qt5/QtCore/qstring.h:1946:13: note: candidate: ‘bool operator==(QStringView, QChar)’
[1.298s]  1946 | inline bool operator==(QStringView lhs, QChar rhs) noexcept { return lhs == QStringView(&rhs, 1); }
[1.298s]       |             ^~~~~~~~
[1.298s] /usr/include/x86_64-linux-gnu/qt5/QtCore/qstring.h:1946:36: note:   no known conversion for argument 1 from ‘ros_weaver::Pin’ to ‘QStringView’
[1.298s]  1946 | inline bool operator==(QStringView lhs, QChar rhs) noexcept { return lhs == QStringView(&rhs, 1); }
[1.298s]       |                        ~~~~~~~~~~~~^~~
[1.298s] /usr/include/x86_64-linux-gnu/qt5/QtCore/qstring.h:1953:13: note: candidate: ‘bool operator==(QChar, QStringView)’
[1.298s]  1953 | inline bool operator==(QChar lhs, QStringView rhs) noexcept { return QStringView(&lhs, 1) == rhs; }
[1.298s]       |             ^~~~~~~~
[1.298s] /usr/include/x86_64-linux-gnu/qt5/QtCore/qstring.h:1953:30: note:   no known conversion for argument 1 from ‘ros_weaver::Pin’ to ‘QChar’
[1.298s]  1953 | inline bool operator==(QChar lhs, QStringView rhs) noexcept { return QStringView(&lhs, 1) == rhs; }
[1.298s]       |                        ~~~~~~^~~
[1.298s] /usr/include/x86_64-linux-gnu/qt5/QtCore/qstring.h:1961:13: note: candidate: ‘bool operator==(QStringView, QLatin1String)’
[1.298s]  1961 | inline bool operator==(QStringView lhs, QLatin1String rhs) noexcept { return lhs.size() == rhs.size() && QtPrivate::compareStrings(lhs, rhs) == 0; }
[1.298s]       |             ^~~~~~~~
[1.298s] /usr/include/x86_64-linux-gnu/qt5/QtCore/qstring.h:1961:36: note:   no known conversion for argument 1 from ‘ros_weaver::Pin’ to ‘QStringView’
[1.298s]  1961 | inline bool operator==(QStringView lhs, QLatin1String rhs) noexcept { return lhs.size() == rhs.size() && QtPrivate::compareStrings(lhs, rhs) == 0; }
[1.298s]       |                        ~~~~~~~~~~~~^~~
[1.298s] /usr/include/x86_64-linux-gnu/qt5/QtCore/qstring.h:1968:13: note: candidate: ‘bool operator==(QLatin1String, QStringView)’
[1.298s]  1968 | inline bool operator==(QLatin1String lhs, QStringView rhs) noexcept { return lhs.size() == rhs.size() && QtPrivate::compareStrings(lhs, rhs) == 0; }
[1.298s]       |             ^~~~~~~~
[1.298s] /usr/include/x86_64-linux-gnu/qt5/QtCore/qstring.h:1968:38: note:   no known conversion for argument 1 from ‘ros_weaver::Pin’ to ‘QLatin1String’
[1.298s]  1968 | inline bool operator==(QLatin1String lhs, QStringView rhs) noexcept { return lhs.size() == rhs.size() && QtPrivate::compareStrings(lhs, rhs) == 0; }
[1.298s]       |                        ~~~~~~~~~~~~~~^~~
[1.298s] /usr/include/x86_64-linux-gnu/qt5/QtCore/qstring.h:1977:32: note: candidate: ‘bool operator==(const QStringRef&, const QByteArray&)’
[1.299s]  1977 | inline QT_ASCII_CAST_WARN bool operator==(const QStringRef &lhs, const QByteArray &rhs) { return lhs.compare(rhs) == 0; }
[1.299s]       |                                ^~~~~~~~
[1.299s] /usr/include/x86_64-linux-gnu/qt5/QtCore/qstring.h:1977:61: note:   no known conversion for argument 1 from ‘ros_weaver::Pin’ to ‘const QStringRef&’
[1.299s]  1977 | inline QT_ASCII_CAST_WARN bool operator==(const QStringRef &lhs, const QByteArray &rhs) { return lhs.compare(rhs) == 0; }
[1.299s]       |                                           ~~~~~~~~~~~~~~~~~~^~~
[1.299s] /usr/include/x86_64-linux-gnu/qt5/QtCore/qstring.h:1984:32: note: candidate: ‘bool operator==(const QByteArray&, const QStringRef&)’
[1.299s]  1984 | inline QT_ASCII_CAST_WARN bool operator==(const QByteArray &lhs, const QStringRef &rhs) { return rhs.compare(lhs) == 0; }
[1.299s]       |                                ^~~~~~~~
[1.299s] /usr/include/x86_64-linux-gnu/qt5/QtCore/qstring.h:1984:61: note:   no known conversion for argument 1 from ‘ros_weaver::Pin’ to ‘const QByteArray&’
[1.299s]  1984 | inline QT_ASCII_CAST_WARN bool operator==(const QByteArray &lhs, const QStringRef &rhs) { return rhs.compare(lhs) == 0; }
[1.299s]       |                                           ~~~~~~~~~~~~~~~~~~^~~
[1.299s] /usr/include/x86_64-linux-gnu/qt5/QtCore/qstring.h:2005:32: note: candidate: ‘bool operator==(const char*, const QStringRef&)’
[1.299s]  2005 | inline QT_ASCII_CAST_WARN bool operator==(const char *s1, const QStringRef &s2)
[1.299s]       |                                ^~~~~~~~
[1.299s] /usr/include/x86_64-linux-gnu/qt5/QtCore/qstring.h:2005:55: note:   no known conversion for argument 1 from ‘ros_weaver::Pin’ to ‘const char*’
[1.299s]  2005 | inline QT_ASCII_CAST_WARN bool operator==(const char *s1, const QStringRef &s2)
[1.299s]       |                                           ~~~~~~~~~~~~^~
[1.374s] gmake[2]: *** [CMakeFiles/ros_weaver.dir/build.make:139: CMakeFiles/ros_weaver.dir/src/canvas/package_block.cpp.o] Error 1
[1.374s] gmake[2]: *** Waiting for unfinished jobs....
[1.599s] gmake[1]: *** [CMakeFiles/Makefile2:140: CMakeFiles/ros_weaver.dir/all] Error 2
[1.599s] gmake: *** [Makefile:146: all] Error 2
[1.601s] Invoked command in '/home/dingo/Programming/ROS2Weaver/build/ros_weaver' returned '2': CMAKE_PREFIX_PATH=${CMAKE_PREFIX_PATH}:/opt/ros/jazzy DEBUGINFOD_URLS=https://debuginfod.ubuntu.com /usr/bin/cmake --build /home/dingo/Programming/ROS2Weaver/build/ros_weaver -- -j12 -l12
