[0.010s] Invoking command in '/home/dingo/Programming/ROS2Weaver/build/ros_weaver': CMAKE_PREFIX_PATH=${CMAKE_PREFIX_PATH}:/opt/ros/jazzy DEBUGINFOD_URLS=https://debuginfod.ubuntu.com /usr/bin/cmake --build /home/dingo/Programming/ROS2Weaver/build/ros_weaver -- -j12 -l12
[0.070s] [  0%] Built target ros_weaver_autogen_timestamp_deps
[0.129s] [ 11%] Automatic MOC and UIC for target ros_weaver
[0.304s] [ 11%] Built target ros_weaver_autogen
[0.372s] [ 55%] Building CXX object CMakeFiles/ros_weaver.dir/src/canvas/package_block.cpp.o
[0.372s] [ 55%] Building CXX object CMakeFiles/ros_weaver.dir/src/canvas/weaver_canvas.cpp.o
[0.372s] [ 55%] Building CXX object CMakeFiles/ros_weaver.dir/ros_weaver_autogen/mocs_compilation.cpp.o
[0.372s] [ 55%] Building CXX object CMakeFiles/ros_weaver.dir/src/canvas/connection_line.cpp.o
[1.644s] /home/dingo/Programming/ROS2Weaver/src/ros_weaver/src/canvas/connection_line.cpp: In member function ‘virtual void ros_weaver::ConnectionLine::paint(QPainter*, const QStyleOptionGraphicsItem*, QWidget*)’:
[1.644s] /home/dingo/Programming/ROS2Weaver/src/ros_weaver/src/canvas/connection_line.cpp:209:13: warning: unused variable ‘percent’ [-Wunused-variable]
[1.644s]   209 |       qreal percent = t * pathLength;
[1.645s]       |             ^~~~~~~
[1.942s] [ 66%] Linking CXX executable ros_weaver
[2.828s] [100%] Built target ros_weaver
[2.840s] Invoked command in '/home/dingo/Programming/ROS2Weaver/build/ros_weaver' returned '0': CMAKE_PREFIX_PATH=${CMAKE_PREFIX_PATH}:/opt/ros/jazzy DEBUGINFOD_URLS=https://debuginfod.ubuntu.com /usr/bin/cmake --build /home/dingo/Programming/ROS2Weaver/build/ros_weaver -- -j12 -l12
[2.853s] Invoking command in '/home/dingo/Programming/ROS2Weaver/build/ros_weaver': CMAKE_PREFIX_PATH=${CMAKE_PREFIX_PATH}:/opt/ros/jazzy DEBUGINFOD_URLS=https://debuginfod.ubuntu.com /usr/bin/cmake --install /home/dingo/Programming/ROS2Weaver/build/ros_weaver
[2.861s] -- Install configuration: ""
[2.861s] -- Installing: /home/dingo/Programming/ROS2Weaver/install/ros_weaver/lib/ros_weaver/ros_weaver
[2.861s] -- Set non-toolchain portion of runtime path of "/home/dingo/Programming/ROS2Weaver/install/ros_weaver/lib/ros_weaver/ros_weaver" to ""
[2.862s] -- Up-to-date: /home/dingo/Programming/ROS2Weaver/install/ros_weaver/share/ros_weaver/config
[2.862s] -- Up-to-date: /home/dingo/Programming/ROS2Weaver/install/ros_weaver/share/ament_index/resource_index/package_run_dependencies/ros_weaver
[2.862s] -- Up-to-date: /home/dingo/Programming/ROS2Weaver/install/ros_weaver/share/ament_index/resource_index/parent_prefix_path/ros_weaver
[2.862s] -- Up-to-date: /home/dingo/Programming/ROS2Weaver/install/ros_weaver/share/ros_weaver/environment/ament_prefix_path.sh
[2.862s] -- Up-to-date: /home/dingo/Programming/ROS2Weaver/install/ros_weaver/share/ros_weaver/environment/ament_prefix_path.dsv
[2.862s] -- Up-to-date: /home/dingo/Programming/ROS2Weaver/install/ros_weaver/share/ros_weaver/environment/path.sh
[2.862s] -- Up-to-date: /home/dingo/Programming/ROS2Weaver/install/ros_weaver/share/ros_weaver/environment/path.dsv
[2.862s] -- Up-to-date: /home/dingo/Programming/ROS2Weaver/install/ros_weaver/share/ros_weaver/local_setup.bash
[2.862s] -- Up-to-date: /home/dingo/Programming/ROS2Weaver/install/ros_weaver/share/ros_weaver/local_setup.sh
[2.862s] -- Up-to-date: /home/dingo/Programming/ROS2Weaver/install/ros_weaver/share/ros_weaver/local_setup.zsh
[2.862s] -- Up-to-date: /home/dingo/Programming/ROS2Weaver/install/ros_weaver/share/ros_weaver/local_setup.dsv
[2.862s] -- Installing: /home/dingo/Programming/ROS2Weaver/install/ros_weaver/share/ros_weaver/package.dsv
[2.863s] -- Up-to-date: /home/dingo/Programming/ROS2Weaver/install/ros_weaver/share/ament_index/resource_index/packages/ros_weaver
[2.863s] -- Up-to-date: /home/dingo/Programming/ROS2Weaver/install/ros_weaver/share/ros_weaver/cmake/ros_weaverConfig.cmake
[2.863s] -- Up-to-date: /home/dingo/Programming/ROS2Weaver/install/ros_weaver/share/ros_weaver/cmake/ros_weaverConfig-version.cmake
[2.863s] -- Up-to-date: /home/dingo/Programming/ROS2Weaver/install/ros_weaver/share/ros_weaver/package.xml
[2.864s] Invoked command in '/home/dingo/Programming/ROS2Weaver/build/ros_weaver' returned '0': CMAKE_PREFIX_PATH=${CMAKE_PREFIX_PATH}:/opt/ros/jazzy DEBUGINFOD_URLS=https://debuginfod.ubuntu.com /usr/bin/cmake --install /home/dingo/Programming/ROS2Weaver/build/ros_weaver
