-- Found ament_cmake: 2.5.4 (/opt/ros/jazzy/share/ament_cmake/cmake)
-- Found rclcpp: 28.1.12 (/opt/ros/jazzy/share/rclcpp/cmake)
-- Found rosidl_generator_c: 4.6.6 (/opt/ros/jazzy/share/rosidl_generator_c/cmake)
-- Found rosidl_generator_cpp: 4.6.6 (/opt/ros/jazzy/share/rosidl_generator_cpp/cmake)
-- Using all available rosidl_typesupport_c: rosidl_typesupport_fastrtps_c;rosidl_typesupport_introspection_c
-- Using all available rosidl_typesupport_cpp: rosidl_typesupport_fastrtps_cpp;rosidl_typesupport_introspection_cpp
-- Found rmw_implementation_cmake: 7.3.2 (/opt/ros/jazzy/share/rmw_implementation_cmake/cmake)
-- Found rmw_fastrtps_cpp: 8.4.3 (/opt/ros/jazzy/share/rmw_fastrtps_cpp/cmake)
-- Using RMW implementation 'rmw_fastrtps_cpp' as default
-- Found std_msgs: 5.3.6 (/opt/ros/jazzy/share/std_msgs/cmake)
-- Found ament_lint_auto: 0.17.3 (/opt/ros/jazzy/share/ament_lint_auto/cmake)
-- Added test 'copyright' to check source files copyright and LICENSE
-- Added test 'cppcheck' to perform static code analysis on C / C++ code
-- Configured cppcheck include dirs: /home/dingo/Programming/ROS2Weaver/src/ros_weaver/include
-- Configured cppcheck exclude dirs and/or files: 
-- Added test 'cpplint' to check C / C++ code against the Google style
-- Configured cpplint exclude dirs and/or files: 
-- Added test 'lint_cmake' to check CMake code style
-- Added test 'uncrustify' to check C / C++ code style
-- Configured uncrustify additional arguments: 
-- Added test 'xmllint' to check XML markup files
-- Configuring done (0.5s)
-- Generating done (0.0s)
-- Build files have been written to: /home/dingo/Programming/ROS2Weaver/build/ros_weaver
[  0%] Built target ros_weaver_autogen_timestamp_deps
[  7%] Automatic MOC and UIC for target ros_weaver
[  7%] Built target ros_weaver_autogen
[ 15%] Building CXX object CMakeFiles/ros_weaver.dir/src/core/ros_package_index.cpp.o
[ 30%] Building CXX object CMakeFiles/ros_weaver.dir/ros_weaver_autogen/mocs_compilation.cpp.o
[ 30%] Building CXX object CMakeFiles/ros_weaver.dir/src/main.cpp.o
[ 46%] Building CXX object CMakeFiles/ros_weaver.dir/src/core/code_generator.cpp.o
[ 46%] Building CXX object CMakeFiles/ros_weaver.dir/src/main_window.cpp.o
[ 53%] Building CXX object CMakeFiles/ros_weaver.dir/src/widgets/param_dashboard.cpp.o
[ 61%] Building CXX object CMakeFiles/ros_weaver.dir/src/canvas/weaver_canvas.cpp.o
[ 69%] Building CXX object CMakeFiles/ros_weaver.dir/src/canvas/package_block.cpp.o
[ 76%] Building CXX object CMakeFiles/ros_weaver.dir/src/core/project.cpp.o
[ 84%] Building CXX object CMakeFiles/ros_weaver.dir/src/canvas/connection_line.cpp.o
