[0.010s] Invoking command in '/home/dingo/Programming/ROS2Weaver/build/ros_weaver': CMAKE_PREFIX_PATH=${CMAKE_PREFIX_PATH}:/opt/ros/jazzy DEBUGINFOD_URLS=https://debuginfod.ubuntu.com /usr/bin/cmake --build /home/dingo/Programming/ROS2Weaver/build/ros_weaver -- -j12 -l12
[0.068s] [  0%] Built target ros_weaver_autogen_timestamp_deps
[0.158s] [  7%] Automatic MOC and UIC for target ros_weaver
[0.193s] [  7%] Built target ros_weaver_autogen
[0.250s] [ 15%] Building CXX object CMakeFiles/ros_weaver.dir/src/main_window.cpp.o
[1.497s] [ 23%] Linking CXX executable ros_weaver
[2.393s] [100%] Built target ros_weaver
[2.406s] Invoked command in '/home/dingo/Programming/ROS2Weaver/build/ros_weaver' returned '0': CMAKE_PREFIX_PATH=${CMAKE_PREFIX_PATH}:/opt/ros/jazzy DEBUGINFOD_URLS=https://debuginfod.ubuntu.com /usr/bin/cmake --build /home/dingo/Programming/ROS2Weaver/build/ros_weaver -- -j12 -l12
[2.417s] Invoking command in '/home/dingo/Programming/ROS2Weaver/build/ros_weaver': CMAKE_PREFIX_PATH=${CMAKE_PREFIX_PATH}:/opt/ros/jazzy DEBUGINFOD_URLS=https://debuginfod.ubuntu.com /usr/bin/cmake --install /home/dingo/Programming/ROS2Weaver/build/ros_weaver
[2.423s] -- Install configuration: ""
[2.423s] -- Installing: /home/dingo/Programming/ROS2Weaver/install/ros_weaver/lib/ros_weaver/ros_weaver
[2.424s] -- Set non-toolchain portion of runtime path of "/home/dingo/Programming/ROS2Weaver/install/ros_weaver/lib/ros_weaver/ros_weaver" to ""
[2.424s] -- Up-to-date: /home/dingo/Programming/ROS2Weaver/install/ros_weaver/share/ros_weaver/config
[2.424s] -- Up-to-date: /home/dingo/Programming/ROS2Weaver/install/ros_weaver/share/ament_index/resource_index/package_run_dependencies/ros_weaver
[2.424s] -- Up-to-date: /home/dingo/Programming/ROS2Weaver/install/ros_weaver/share/ament_index/resource_index/parent_prefix_path/ros_weaver
[2.424s] -- Up-to-date: /home/dingo/Programming/ROS2Weaver/install/ros_weaver/share/ros_weaver/environment/ament_prefix_path.sh
[2.424s] -- Up-to-date: /home/dingo/Programming/ROS2Weaver/install/ros_weaver/share/ros_weaver/environment/ament_prefix_path.dsv
[2.424s] -- Up-to-date: /home/dingo/Programming/ROS2Weaver/install/ros_weaver/share/ros_weaver/environment/path.sh
[2.424s] -- Up-to-date: /home/dingo/Programming/ROS2Weaver/install/ros_weaver/share/ros_weaver/environment/path.dsv
[2.425s] -- Up-to-date: /home/dingo/Programming/ROS2Weaver/install/ros_weaver/share/ros_weaver/local_setup.bash
[2.425s] -- Up-to-date: /home/dingo/Programming/ROS2Weaver/install/ros_weaver/share/ros_weaver/local_setup.sh
[2.425s] -- Up-to-date: /home/dingo/Programming/ROS2Weaver/install/ros_weaver/share/ros_weaver/local_setup.zsh
[2.425s] -- Up-to-date: /home/dingo/Programming/ROS2Weaver/install/ros_weaver/share/ros_weaver/local_setup.dsv
[2.425s] -- Installing: /home/dingo/Programming/ROS2Weaver/install/ros_weaver/share/ros_weaver/package.dsv
[2.425s] -- Up-to-date: /home/dingo/Programming/ROS2Weaver/install/ros_weaver/share/ament_index/resource_index/packages/ros_weaver
[2.426s] -- Up-to-date: /home/dingo/Programming/ROS2Weaver/install/ros_weaver/share/ros_weaver/cmake/ros_weaverConfig.cmake
[2.426s] -- Up-to-date: /home/dingo/Programming/ROS2Weaver/install/ros_weaver/share/ros_weaver/cmake/ros_weaverConfig-version.cmake
[2.426s] -- Up-to-date: /home/dingo/Programming/ROS2Weaver/install/ros_weaver/share/ros_weaver/package.xml
[2.426s] Invoked command in '/home/dingo/Programming/ROS2Weaver/build/ros_weaver' returned '0': CMAKE_PREFIX_PATH=${CMAKE_PREFIX_PATH}:/opt/ros/jazzy DEBUGINFOD_URLS=https://debuginfod.ubuntu.com /usr/bin/cmake --install /home/dingo/Programming/ROS2Weaver/build/ros_weaver
