[0.008s] Invoking command in '/home/dingo/Programming/ROS2Weaver/build/ros_weaver': CMAKE_PREFIX_PATH=${CMAKE_PREFIX_PATH}:/opt/ros/jazzy DEBUGINFOD_URLS=https://debuginfod.ubuntu.com /usr/bin/cmake --build /home/dingo/Programming/ROS2Weaver/build/ros_weaver -- -j12 -l12
[0.056s] [  0%] Built target ros_weaver_autogen_timestamp_deps
[0.118s] [ 11%] Automatic MOC and UIC for target ros_weaver
[0.276s] [ 11%] Built target ros_weaver_autogen
[0.340s] [ 22%] Building CXX object CMakeFiles/ros_weaver.dir/src/canvas/weaver_canvas.cpp.o
[0.340s] [ 44%] Building CXX object CMakeFiles/ros_weaver.dir/ros_weaver_autogen/mocs_compilation.cpp.o
[0.340s] [ 44%] Building CXX object CMakeFiles/ros_weaver.dir/src/main_window.cpp.o
[1.586s] [ 55%] Linking CXX executable ros_weaver
[2.307s] [100%] Built target ros_weaver
[2.318s] Invoked command in '/home/dingo/Programming/ROS2Weaver/build/ros_weaver' returned '0': CMAKE_PREFIX_PATH=${CMAKE_PREFIX_PATH}:/opt/ros/jazzy DEBUGINFOD_URLS=https://debuginfod.ubuntu.com /usr/bin/cmake --build /home/dingo/Programming/ROS2Weaver/build/ros_weaver -- -j12 -l12
[2.325s] Invoking command in '/home/dingo/Programming/ROS2Weaver/build/ros_weaver': CMAKE_PREFIX_PATH=${CMAKE_PREFIX_PATH}:/opt/ros/jazzy DEBUGINFOD_URLS=https://debuginfod.ubuntu.com /usr/bin/cmake --install /home/dingo/Programming/ROS2Weaver/build/ros_weaver
[2.333s] -- Install configuration: ""
[2.333s] -- Installing: /home/dingo/Programming/ROS2Weaver/install/ros_weaver/lib/ros_weaver/ros_weaver
[2.334s] -- Set non-toolchain portion of runtime path of "/home/dingo/Programming/ROS2Weaver/install/ros_weaver/lib/ros_weaver/ros_weaver" to ""
[2.334s] -- Up-to-date: /home/dingo/Programming/ROS2Weaver/install/ros_weaver/share/ros_weaver/config
[2.334s] -- Up-to-date: /home/dingo/Programming/ROS2Weaver/install/ros_weaver/share/ament_index/resource_index/package_run_dependencies/ros_weaver
[2.334s] -- Up-to-date: /home/dingo/Programming/ROS2Weaver/install/ros_weaver/share/ament_index/resource_index/parent_prefix_path/ros_weaver
[2.334s] -- Up-to-date: /home/dingo/Programming/ROS2Weaver/install/ros_weaver/share/ros_weaver/environment/ament_prefix_path.sh
[2.334s] -- Up-to-date: /home/dingo/Programming/ROS2Weaver/install/ros_weaver/share/ros_weaver/environment/ament_prefix_path.dsv
[2.334s] -- Up-to-date: /home/dingo/Programming/ROS2Weaver/install/ros_weaver/share/ros_weaver/environment/path.sh
[2.334s] -- Up-to-date: /home/dingo/Programming/ROS2Weaver/install/ros_weaver/share/ros_weaver/environment/path.dsv
[2.334s] -- Up-to-date: /home/dingo/Programming/ROS2Weaver/install/ros_weaver/share/ros_weaver/local_setup.bash
[2.334s] -- Up-to-date: /home/dingo/Programming/ROS2Weaver/install/ros_weaver/share/ros_weaver/local_setup.sh
[2.334s] -- Up-to-date: /home/dingo/Programming/ROS2Weaver/install/ros_weaver/share/ros_weaver/local_setup.zsh
[2.334s] -- Up-to-date: /home/dingo/Programming/ROS2Weaver/install/ros_weaver/share/ros_weaver/local_setup.dsv
[2.334s] -- Installing: /home/dingo/Programming/ROS2Weaver/install/ros_weaver/share/ros_weaver/package.dsv
[2.334s] -- Up-to-date: /home/dingo/Programming/ROS2Weaver/install/ros_weaver/share/ament_index/resource_index/packages/ros_weaver
[2.334s] -- Up-to-date: /home/dingo/Programming/ROS2Weaver/install/ros_weaver/share/ros_weaver/cmake/ros_weaverConfig.cmake
[2.334s] -- Up-to-date: /home/dingo/Programming/ROS2Weaver/install/ros_weaver/share/ros_weaver/cmake/ros_weaverConfig-version.cmake
[2.334s] -- Up-to-date: /home/dingo/Programming/ROS2Weaver/install/ros_weaver/share/ros_weaver/package.xml
[2.335s] Invoked command in '/home/dingo/Programming/ROS2Weaver/build/ros_weaver' returned '0': CMAKE_PREFIX_PATH=${CMAKE_PREFIX_PATH}:/opt/ros/jazzy DEBUGINFOD_URLS=https://debuginfod.ubuntu.com /usr/bin/cmake --install /home/dingo/Programming/ROS2Weaver/build/ros_weaver
